mode: atomic
github.com/cloudchacho/taskhawk-go/otel/otel.go:21.52,23.2 1 2
github.com/cloudchacho/taskhawk-go/otel/otel.go:25.59,27.2 1 2
github.com/cloudchacho/taskhawk-go/otel/otel.go:29.45,31.33 2 0
github.com/cloudchacho/taskhawk-go/otel/otel.go:34.2,34.13 1 0
github.com/cloudchacho/taskhawk-go/otel/otel.go:31.33,33.3 1 0
github.com/cloudchacho/taskhawk-go/otel/otel.go:44.69,47.2 2 0
github.com/cloudchacho/taskhawk-go/otel/otel.go:49.148,56.41 5 1
github.com/cloudchacho/taskhawk-go/otel/otel.go:56.41,56.55 1 1
github.com/cloudchacho/taskhawk-go/otel/otel.go:59.111,65.21 4 1
github.com/cloudchacho/taskhawk-go/otel/otel.go:65.21,65.35 1 1
github.com/cloudchacho/taskhawk-go/otel/otel.go:68.115,70.2 1 2
github.com/cloudchacho/taskhawk-go/aws/aws.go:61.70,63.18 2 24
github.com/cloudchacho/taskhawk-go/aws/aws.go:74.2,74.14 1 24
github.com/cloudchacho/taskhawk-go/aws/aws.go:64.32,64.32 0 24
github.com/cloudchacho/taskhawk-go/aws/aws.go:65.29,66.28 1 0
github.com/cloudchacho/taskhawk-go/aws/aws.go:67.28,68.27 1 0
github.com/cloudchacho/taskhawk-go/aws/aws.go:69.29,70.19 1 0
github.com/cloudchacho/taskhawk-go/aws/aws.go:71.10,72.56 1 0
github.com/cloudchacho/taskhawk-go/aws/aws.go:77.68,79.2 1 7
github.com/cloudchacho/taskhawk-go/aws/aws.go:81.66,83.18 2 6
github.com/cloudchacho/taskhawk-go/aws/aws.go:94.2,94.14 1 6
github.com/cloudchacho/taskhawk-go/aws/aws.go:84.32,84.32 0 6
github.com/cloudchacho/taskhawk-go/aws/aws.go:85.29,86.28 1 0
github.com/cloudchacho/taskhawk-go/aws/aws.go:87.28,88.27 1 0
github.com/cloudchacho/taskhawk-go/aws/aws.go:89.29,90.19 1 0
github.com/cloudchacho/taskhawk-go/aws/aws.go:91.10,92.56 1 0
github.com/cloudchacho/taskhawk-go/aws/aws.go:97.100,101.16 2 17
github.com/cloudchacho/taskhawk-go/aws/aws.go:104.2,104.26 1 14
github.com/cloudchacho/taskhawk-go/aws/aws.go:101.16,103.3 1 3
github.com/cloudchacho/taskhawk-go/aws/aws.go:107.98,111.16 2 7
github.com/cloudchacho/taskhawk-go/aws/aws.go:114.2,114.26 1 7
github.com/cloudchacho/taskhawk-go/aws/aws.go:111.16,113.3 1 0
github.com/cloudchacho/taskhawk-go/aws/aws.go:119.54,120.26 1 3
github.com/cloudchacho/taskhawk-go/aws/aws.go:123.2,123.52 1 3
github.com/cloudchacho/taskhawk-go/aws/aws.go:120.26,122.3 1 0
github.com/cloudchacho/taskhawk-go/aws/aws.go:123.52,126.3 1 47
github.com/cloudchacho/taskhawk-go/aws/aws.go:130.138,135.31 3 3
github.com/cloudchacho/taskhawk-go/aws/aws.go:142.2,143.37 2 3
github.com/cloudchacho/taskhawk-go/aws/aws.go:150.2,159.16 2 3
github.com/cloudchacho/taskhawk-go/aws/aws.go:162.2,162.31 1 2
github.com/cloudchacho/taskhawk-go/aws/aws.go:135.31,138.3 2 1
github.com/cloudchacho/taskhawk-go/aws/aws.go:138.8,140.3 1 2
github.com/cloudchacho/taskhawk-go/aws/aws.go:143.37,148.3 1 4
github.com/cloudchacho/taskhawk-go/aws/aws.go:159.16,161.3 1 1
github.com/cloudchacho/taskhawk-go/aws/aws.go:167.178,169.16 2 6
github.com/cloudchacho/taskhawk-go/aws/aws.go:172.2,179.28 2 5
github.com/cloudchacho/taskhawk-go/aws/aws.go:183.2,183.6 1 5
github.com/cloudchacho/taskhawk-go/aws/aws.go:169.16,171.3 1 1
github.com/cloudchacho/taskhawk-go/aws/aws.go:179.28,181.3 1 5
github.com/cloudchacho/taskhawk-go/aws/aws.go:183.6,184.23 1 12
github.com/cloudchacho/taskhawk-go/aws/aws.go:188.3,189.17 2 8
github.com/cloudchacho/taskhawk-go/aws/aws.go:192.3,193.31 2 7
github.com/cloudchacho/taskhawk-go/aws/aws.go:247.3,247.12 1 7
github.com/cloudchacho/taskhawk-go/aws/aws.go:184.23,187.4 1 4
github.com/cloudchacho/taskhawk-go/aws/aws.go:189.17,191.4 1 1
github.com/cloudchacho/taskhawk-go/aws/aws.go:193.31,194.24 1 4
github.com/cloudchacho/taskhawk-go/aws/aws.go:197.4,199.14 3 4
github.com/cloudchacho/taskhawk-go/aws/aws.go:194.24,195.10 1 0
github.com/cloudchacho/taskhawk-go/aws/aws.go:199.14,202.54 3 4
github.com/cloudchacho/taskhawk-go/aws/aws.go:205.5,206.153 2 4
github.com/cloudchacho/taskhawk-go/aws/aws.go:211.5,212.126 2 4
github.com/cloudchacho/taskhawk-go/aws/aws.go:217.5,218.19 2 4
github.com/cloudchacho/taskhawk-go/aws/aws.go:221.5,229.84 3 4
github.com/cloudchacho/taskhawk-go/aws/aws.go:240.5,244.6 1 3
github.com/cloudchacho/taskhawk-go/aws/aws.go:202.54,204.6 1 6
github.com/cloudchacho/taskhawk-go/aws/aws.go:206.153,208.6 1 1
github.com/cloudchacho/taskhawk-go/aws/aws.go:208.11,210.6 1 3
github.com/cloudchacho/taskhawk-go/aws/aws.go:212.126,214.6 1 1
github.com/cloudchacho/taskhawk-go/aws/aws.go:214.11,216.6 1 3
github.com/cloudchacho/taskhawk-go/aws/aws.go:218.19,220.6 1 1
github.com/cloudchacho/taskhawk-go/aws/aws.go:229.84,231.20 2 2
github.com/cloudchacho/taskhawk-go/aws/aws.go:231.20,238.7 2 1
github.com/cloudchacho/taskhawk-go/aws/aws.go:252.138,254.16 2 8
github.com/cloudchacho/taskhawk-go/aws/aws.go:257.2,258.16 2 7
github.com/cloudchacho/taskhawk-go/aws/aws.go:261.2,268.28 2 7
github.com/cloudchacho/taskhawk-go/aws/aws.go:271.2,273.6 2 7
github.com/cloudchacho/taskhawk-go/aws/aws.go:254.16,256.3 1 1
github.com/cloudchacho/taskhawk-go/aws/aws.go:258.16,260.3 1 0
github.com/cloudchacho/taskhawk-go/aws/aws.go:268.28,270.3 1 7
github.com/cloudchacho/taskhawk-go/aws/aws.go:273.6,275.23 1 8
github.com/cloudchacho/taskhawk-go/aws/aws.go:278.3,279.17 2 7
github.com/cloudchacho/taskhawk-go/aws/aws.go:282.3,282.29 1 6
github.com/cloudchacho/taskhawk-go/aws/aws.go:285.3,287.40 3 5
github.com/cloudchacho/taskhawk-go/aws/aws.go:295.3,297.17 3 5
github.com/cloudchacho/taskhawk-go/aws/aws.go:300.3,300.34 1 4
github.com/cloudchacho/taskhawk-go/aws/aws.go:317.3,317.30 1 2
github.com/cloudchacho/taskhawk-go/aws/aws.go:320.3,321.110 2 1
github.com/cloudchacho/taskhawk-go/aws/aws.go:275.23,277.4 1 1
github.com/cloudchacho/taskhawk-go/aws/aws.go:279.17,281.4 1 1
github.com/cloudchacho/taskhawk-go/aws/aws.go:282.29,284.4 1 1
github.com/cloudchacho/taskhawk-go/aws/aws.go:287.40,294.4 2 6
github.com/cloudchacho/taskhawk-go/aws/aws.go:297.17,299.4 1 1
github.com/cloudchacho/taskhawk-go/aws/aws.go:300.34,302.50 2 3
github.com/cloudchacho/taskhawk-go/aws/aws.go:308.4,310.18 3 3
github.com/cloudchacho/taskhawk-go/aws/aws.go:313.4,313.36 1 2
github.com/cloudchacho/taskhawk-go/aws/aws.go:302.50,307.5 1 4
github.com/cloudchacho/taskhawk-go/aws/aws.go:310.18,312.5 1 1
github.com/cloudchacho/taskhawk-go/aws/aws.go:313.36,315.5 1 1
github.com/cloudchacho/taskhawk-go/aws/aws.go:317.30,319.4 1 1
github.com/cloudchacho/taskhawk-go/aws/aws.go:326.71,329.2 1 1
github.com/cloudchacho/taskhawk-go/aws/aws.go:332.87,336.16 4 3
github.com/cloudchacho/taskhawk-go/aws/aws.go:339.2,343.12 2 2
github.com/cloudchacho/taskhawk-go/aws/aws.go:336.16,338.3 1 1
github.com/cloudchacho/taskhawk-go/aws/aws.go:365.34,366.37 1 22
github.com/cloudchacho/taskhawk-go/aws/aws.go:369.2,369.24 1 22
github.com/cloudchacho/taskhawk-go/aws/aws.go:366.37,368.3 1 22
github.com/cloudchacho/taskhawk-go/aws/aws.go:369.24,371.57 2 0
github.com/cloudchacho/taskhawk-go/aws/aws.go:371.57,371.77 1 0
github.com/cloudchacho/taskhawk-go/aws/aws.go:375.103,377.52 2 22
github.com/cloudchacho/taskhawk-go/aws/aws.go:386.2,393.6 1 22
github.com/cloudchacho/taskhawk-go/aws/aws.go:377.52,385.3 1 0
github.com/cloudchacho/taskhawk-go/aws/aws.go:398.79,411.2 4 22
github.com/cloudchacho/taskhawk-go/logger_interfaces.go:33.79,35.2 1 0
github.com/cloudchacho/taskhawk-go/logger_interfaces.go:37.78,39.2 1 0
github.com/cloudchacho/taskhawk-go/logger_interfaces.go:41.67,43.2 1 0
github.com/cloudchacho/taskhawk-go/logger_interfaces.go:45.68,47.2 1 0
github.com/cloudchacho/taskhawk-go/logger_interfaces.go:49.84,50.42 1 0
github.com/cloudchacho/taskhawk-go/logger_interfaces.go:50.42,52.3 1 0
github.com/cloudchacho/taskhawk-go/logger_interfaces.go:57.76,59.2 1 0
github.com/cloudchacho/taskhawk-go/logger_interfaces.go:61.75,63.2 1 0
github.com/cloudchacho/taskhawk-go/logger_interfaces.go:65.64,67.2 1 0
github.com/cloudchacho/taskhawk-go/logger_interfaces.go:69.65,71.2 1 0
github.com/cloudchacho/taskhawk-go/task.go:46.84,47.56 1 13
github.com/cloudchacho/taskhawk-go/task.go:54.2,54.56 1 13
github.com/cloudchacho/taskhawk-go/task.go:57.2,57.32 1 13
github.com/cloudchacho/taskhawk-go/task.go:47.56,53.3 5 1
github.com/cloudchacho/taskhawk-go/task.go:54.56,56.3 1 1
github.com/cloudchacho/taskhawk-go/task.go:67.48,68.57 1 36
github.com/cloudchacho/taskhawk-go/task.go:68.57,69.16 1 13
github.com/cloudchacho/taskhawk-go/task.go:78.3,79.9 2 13
github.com/cloudchacho/taskhawk-go/task.go:69.16,70.38 1 13
github.com/cloudchacho/taskhawk-go/task.go:70.38,71.41 1 1
github.com/cloudchacho/taskhawk-go/task.go:71.41,73.6 1 0
github.com/cloudchacho/taskhawk-go/task.go:73.11,75.6 1 1
github.com/cloudchacho/taskhawk-go/task.go:89.64,91.2 1 2
github.com/cloudchacho/taskhawk-go/task.go:93.95,95.2 1 5
github.com/cloudchacho/taskhawk-go/consumer.go:24.124,25.27 1 11
github.com/cloudchacho/taskhawk-go/consumer.go:31.2,35.15 3 11
github.com/cloudchacho/taskhawk-go/consumer.go:44.2,45.16 2 11
github.com/cloudchacho/taskhawk-go/consumer.go:50.2,50.27 1 10
github.com/cloudchacho/taskhawk-go/consumer.go:54.2,57.55 3 10
github.com/cloudchacho/taskhawk-go/consumer.go:63.2,64.13 2 9
github.com/cloudchacho/taskhawk-go/consumer.go:25.27,29.3 3 1
github.com/cloudchacho/taskhawk-go/consumer.go:35.15,36.13 1 11
github.com/cloudchacho/taskhawk-go/consumer.go:36.13,38.18 2 7
github.com/cloudchacho/taskhawk-go/consumer.go:38.18,40.5 1 1
github.com/cloudchacho/taskhawk-go/consumer.go:45.16,48.3 2 1
github.com/cloudchacho/taskhawk-go/consumer.go:50.27,52.3 1 1
github.com/cloudchacho/taskhawk-go/consumer.go:57.55,61.3 3 1
github.com/cloudchacho/taskhawk-go/consumer.go:65.11,67.20 2 5
github.com/cloudchacho/taskhawk-go/consumer.go:72.16,73.69 1 1
github.com/cloudchacho/taskhawk-go/consumer.go:74.10,75.82 1 3
github.com/cloudchacho/taskhawk-go/consumer.go:67.20,69.4 1 1
github.com/cloudchacho/taskhawk-go/consumer.go:69.9,71.4 1 4
github.com/cloudchacho/taskhawk-go/consumer.go:79.93,80.30 1 1
github.com/cloudchacho/taskhawk-go/consumer.go:83.2,83.33 1 1
github.com/cloudchacho/taskhawk-go/consumer.go:87.2,91.54 3 1
github.com/cloudchacho/taskhawk-go/consumer.go:110.2,115.108 3 1
github.com/cloudchacho/taskhawk-go/consumer.go:80.30,82.3 1 0
github.com/cloudchacho/taskhawk-go/consumer.go:83.33,85.3 1 0
github.com/cloudchacho/taskhawk-go/consumer.go:91.54,93.13 2 1
github.com/cloudchacho/taskhawk-go/consumer.go:93.13,95.8 2 1
github.com/cloudchacho/taskhawk-go/consumer.go:95.8,96.12 1 1
github.com/cloudchacho/taskhawk-go/consumer.go:97.23,99.45 1 1
github.com/cloudchacho/taskhawk-go/consumer.go:102.6,102.12 1 1
github.com/cloudchacho/taskhawk-go/consumer.go:103.41,104.114 1 0
github.com/cloudchacho/taskhawk-go/consumer.go:99.45,101.7 1 2
github.com/cloudchacho/taskhawk-go/consumer.go:119.86,120.30 1 0
github.com/cloudchacho/taskhawk-go/consumer.go:124.2,124.100 1 0
github.com/cloudchacho/taskhawk-go/consumer.go:120.30,122.3 1 0
github.com/cloudchacho/taskhawk-go/consumer.go:127.40,128.24 1 0
github.com/cloudchacho/taskhawk-go/consumer.go:128.24,130.48 2 0
github.com/cloudchacho/taskhawk-go/consumer.go:130.48,130.68 1 0
github.com/cloudchacho/taskhawk-go/hub.go:37.59,43.2 1 38
github.com/cloudchacho/taskhawk-go/hub.go:47.98,49.54 2 5
github.com/cloudchacho/taskhawk-go/hub.go:55.2,62.16 2 5
github.com/cloudchacho/taskhawk-go/hub.go:66.2,66.19 1 5
github.com/cloudchacho/taskhawk-go/hub.go:71.2,71.36 1 4
github.com/cloudchacho/taskhawk-go/hub.go:49.54,50.55 1 1
github.com/cloudchacho/taskhawk-go/hub.go:50.55,52.4 1 1
github.com/cloudchacho/taskhawk-go/hub.go:62.16,64.3 1 0
github.com/cloudchacho/taskhawk-go/hub.go:66.19,69.3 2 1
github.com/cloudchacho/taskhawk-go/hub.go:74.53,76.9 2 33
github.com/cloudchacho/taskhawk-go/hub.go:79.2,79.18 1 31
github.com/cloudchacho/taskhawk-go/hub.go:76.9,78.3 1 2
github.com/cloudchacho/taskhawk-go/hub.go:85.108,97.2 3 0
github.com/cloudchacho/taskhawk-go/hub.go:100.101,112.2 3 0
github.com/cloudchacho/taskhawk-go/hub.go:116.86,118.2 1 37
github.com/cloudchacho/taskhawk-go/hub.go:122.124,123.20 1 38
github.com/cloudchacho/taskhawk-go/hub.go:126.2,126.42 1 37
github.com/cloudchacho/taskhawk-go/hub.go:129.2,131.54 2 36
github.com/cloudchacho/taskhawk-go/hub.go:138.2,143.18 2 36
github.com/cloudchacho/taskhawk-go/hub.go:123.20,125.3 1 1
github.com/cloudchacho/taskhawk-go/hub.go:126.42,128.3 1 1
github.com/cloudchacho/taskhawk-go/hub.go:131.54,133.4 1 13
github.com/cloudchacho/taskhawk-go/hub.go:134.24,136.4 1 6
github.com/cloudchacho/taskhawk-go/json.go:17.110,21.9 4 8
github.com/cloudchacho/taskhawk-go/json.go:24.2,25.16 2 7
github.com/cloudchacho/taskhawk-go/json.go:28.2,30.16 3 6
github.com/cloudchacho/taskhawk-go/json.go:33.2,33.15 1 5
github.com/cloudchacho/taskhawk-go/json.go:21.9,23.3 1 1
github.com/cloudchacho/taskhawk-go/json.go:25.16,27.3 1 1
github.com/cloudchacho/taskhawk-go/json.go:30.16,32.3 1 1
github.com/cloudchacho/taskhawk-go/json.go:36.76,38.16 2 6
github.com/cloudchacho/taskhawk-go/json.go:41.2,44.30 2 5
github.com/cloudchacho/taskhawk-go/json.go:50.2,50.30 1 5
github.com/cloudchacho/taskhawk-go/json.go:38.16,40.3 1 1
github.com/cloudchacho/taskhawk-go/json.go:44.30,45.40 1 2
github.com/cloudchacho/taskhawk-go/json.go:48.3,48.17 1 2
github.com/cloudchacho/taskhawk-go/json.go:45.40,47.4 1 0
github.com/cloudchacho/taskhawk-go/models.go:21.49,24.2 2 8
github.com/cloudchacho/taskhawk-go/models.go:27.50,29.31 1 10
github.com/cloudchacho/taskhawk-go/models.go:49.2,49.12 1 9
github.com/cloudchacho/taskhawk-go/models.go:29.31,32.17 3 2
github.com/cloudchacho/taskhawk-go/models.go:35.3,36.17 2 2
github.com/cloudchacho/taskhawk-go/models.go:39.3,39.28 1 1
github.com/cloudchacho/taskhawk-go/models.go:32.17,34.4 1 0
github.com/cloudchacho/taskhawk-go/models.go:36.17,38.4 1 1
github.com/cloudchacho/taskhawk-go/models.go:40.8,42.17 2 8
github.com/cloudchacho/taskhawk-go/models.go:45.3,47.39 3 8
github.com/cloudchacho/taskhawk-go/models.go:42.17,44.4 1 0
github.com/cloudchacho/taskhawk-go/models.go:83.44,85.40 1 16
github.com/cloudchacho/taskhawk-go/models.go:88.2,88.12 1 10
github.com/cloudchacho/taskhawk-go/models.go:85.40,87.3 1 6
github.com/cloudchacho/taskhawk-go/models.go:91.43,93.29 2 10
github.com/cloudchacho/taskhawk-go/models.go:99.2,99.19 1 10
github.com/cloudchacho/taskhawk-go/models.go:102.2,102.12 1 10
github.com/cloudchacho/taskhawk-go/models.go:93.29,94.30 1 10
github.com/cloudchacho/taskhawk-go/models.go:94.30,96.9 2 10
github.com/cloudchacho/taskhawk-go/models.go:99.19,101.3 1 0
github.com/cloudchacho/taskhawk-go/models.go:106.36,107.45 1 16
github.com/cloudchacho/taskhawk-go/models.go:111.2,111.44 1 10
github.com/cloudchacho/taskhawk-go/models.go:115.2,115.12 1 10
github.com/cloudchacho/taskhawk-go/models.go:107.45,109.3 1 6
github.com/cloudchacho/taskhawk-go/models.go:111.44,113.3 1 0
github.com/cloudchacho/taskhawk-go/models.go:121.119,138.37 3 10
github.com/cloudchacho/taskhawk-go/models.go:142.2,142.15 1 9
github.com/cloudchacho/taskhawk-go/models.go:138.37,140.3 1 1
github.com/cloudchacho/taskhawk-go/models.go:164.49,165.11 1 7
github.com/cloudchacho/taskhawk-go/models.go:166.23,167.34 1 4
github.com/cloudchacho/taskhawk-go/models.go:168.20,169.31 1 1
github.com/cloudchacho/taskhawk-go/models.go:170.19,171.30 1 2
github.com/cloudchacho/taskhawk-go/models.go:172.20,173.31 1 0
github.com/cloudchacho/taskhawk-go/models.go:174.10,175.49 1 0
github.com/cloudchacho/taskhawk-go/models.go:180.50,181.19 1 4
github.com/cloudchacho/taskhawk-go/models.go:193.2,193.12 1 4
github.com/cloudchacho/taskhawk-go/models.go:182.19,183.23 1 1
github.com/cloudchacho/taskhawk-go/models.go:184.16,185.20 1 1
github.com/cloudchacho/taskhawk-go/models.go:186.15,187.19 1 2
github.com/cloudchacho/taskhawk-go/models.go:188.16,189.20 1 0
github.com/cloudchacho/taskhawk-go/models.go:190.10,191.40 1 0
github.com/cloudchacho/taskhawk-go/publisher.go:15.67,17.16 2 7
github.com/cloudchacho/taskhawk-go/publisher.go:21.2,21.27 1 6
github.com/cloudchacho/taskhawk-go/publisher.go:27.2,28.12 2 6
github.com/cloudchacho/taskhawk-go/publisher.go:17.16,19.3 1 1
github.com/cloudchacho/taskhawk-go/publisher.go:21.27,25.3 3 1
github.com/cloudchacho/taskhawk-go/gcp/gcp.go:44.63,46.18 2 15
github.com/cloudchacho/taskhawk-go/gcp/gcp.go:57.2,57.14 1 15
github.com/cloudchacho/taskhawk-go/gcp/gcp.go:47.32,47.32 0 15
github.com/cloudchacho/taskhawk-go/gcp/gcp.go:48.29,49.28 1 0
github.com/cloudchacho/taskhawk-go/gcp/gcp.go:50.28,51.27 1 0
github.com/cloudchacho/taskhawk-go/gcp/gcp.go:52.29,53.19 1 0
github.com/cloudchacho/taskhawk-go/gcp/gcp.go:54.10,55.56 1 0
github.com/cloudchacho/taskhawk-go/gcp/gcp.go:60.66,62.2 1 4
github.com/cloudchacho/taskhawk-go/gcp/gcp.go:65.138,67.16 2 3
github.com/cloudchacho/taskhawk-go/gcp/gcp.go:71.2,82.16 5 3
github.com/cloudchacho/taskhawk-go/gcp/gcp.go:85.2,85.23 1 3
github.com/cloudchacho/taskhawk-go/gcp/gcp.go:67.16,69.3 1 0
github.com/cloudchacho/taskhawk-go/gcp/gcp.go:82.16,84.3 1 0
github.com/cloudchacho/taskhawk-go/gcp/gcp.go:91.84,93.16 2 4
github.com/cloudchacho/taskhawk-go/gcp/gcp.go:97.2,103.28 6 4
github.com/cloudchacho/taskhawk-go/gcp/gcp.go:108.2,108.91 1 4
github.com/cloudchacho/taskhawk-go/gcp/gcp.go:120.2,120.16 1 4
github.com/cloudchacho/taskhawk-go/gcp/gcp.go:125.2,125.18 1 3
github.com/cloudchacho/taskhawk-go/gcp/gcp.go:93.16,95.3 1 0
github.com/cloudchacho/taskhawk-go/gcp/gcp.go:103.28,105.3 1 4
github.com/cloudchacho/taskhawk-go/gcp/gcp.go:105.8,107.3 1 0
github.com/cloudchacho/taskhawk-go/gcp/gcp.go:108.91,119.3 2 3
github.com/cloudchacho/taskhawk-go/gcp/gcp.go:120.16,122.3 1 1
github.com/cloudchacho/taskhawk-go/gcp/gcp.go:130.41,132.16 2 4
github.com/cloudchacho/taskhawk-go/gcp/gcp.go:136.2,142.28 5 4
github.com/cloudchacho/taskhawk-go/gcp/gcp.go:148.2,164.12 12 4
github.com/cloudchacho/taskhawk-go/gcp/gcp.go:173.2,179.12 5 4
github.com/cloudchacho/taskhawk-go/gcp/gcp.go:191.2,193.92 3 4
github.com/cloudchacho/taskhawk-go/gcp/gcp.go:206.2,206.16 1 4
github.com/cloudchacho/taskhawk-go/gcp/gcp.go:210.2,210.9 1 3
github.com/cloudchacho/taskhawk-go/gcp/gcp.go:217.2,217.18 1 2
github.com/cloudchacho/taskhawk-go/gcp/gcp.go:132.16,134.3 1 0
github.com/cloudchacho/taskhawk-go/gcp/gcp.go:142.28,144.3 1 4
github.com/cloudchacho/taskhawk-go/gcp/gcp.go:144.8,146.3 1 0
github.com/cloudchacho/taskhawk-go/gcp/gcp.go:164.12,165.10 1 4
github.com/cloudchacho/taskhawk-go/gcp/gcp.go:170.3,170.12 1 4
github.com/cloudchacho/taskhawk-go/gcp/gcp.go:166.19,167.12 1 0
github.com/cloudchacho/taskhawk-go/gcp/gcp.go:168.22,168.22 0 4
github.com/cloudchacho/taskhawk-go/gcp/gcp.go:179.12,181.7 2 4
github.com/cloudchacho/taskhawk-go/gcp/gcp.go:181.7,182.11 1 5
github.com/cloudchacho/taskhawk-go/gcp/gcp.go:183.28,184.132 1 1
github.com/cloudchacho/taskhawk-go/gcp/gcp.go:185.23,186.11 1 4
github.com/cloudchacho/taskhawk-go/gcp/gcp.go:193.92,197.17 4 3
github.com/cloudchacho/taskhawk-go/gcp/gcp.go:197.17,201.4 3 1
github.com/cloudchacho/taskhawk-go/gcp/gcp.go:201.9,204.4 2 2
github.com/cloudchacho/taskhawk-go/gcp/gcp.go:206.16,208.3 1 1
github.com/cloudchacho/taskhawk-go/gcp/gcp.go:211.28,212.13 1 1
github.com/cloudchacho/taskhawk-go/gcp/gcp.go:213.10,213.10 0 2
github.com/cloudchacho/taskhawk-go/gcp/gcp.go:221.88,224.2 2 1
github.com/cloudchacho/taskhawk-go/gcp/gcp.go:227.87,230.2 2 2
github.com/cloudchacho/taskhawk-go/gcp/gcp.go:232.59,234.30 2 11
github.com/cloudchacho/taskhawk-go/gcp/gcp.go:245.2,245.21 1 11
github.com/cloudchacho/taskhawk-go/gcp/gcp.go:248.2,249.16 2 10
github.com/cloudchacho/taskhawk-go/gcp/gcp.go:252.2,253.12 2 10
github.com/cloudchacho/taskhawk-go/gcp/gcp.go:234.30,236.17 2 0
github.com/cloudchacho/taskhawk-go/gcp/gcp.go:243.3,243.39 1 0
github.com/cloudchacho/taskhawk-go/gcp/gcp.go:236.17,239.4 1 0
github.com/cloudchacho/taskhawk-go/gcp/gcp.go:239.9,239.35 1 0
github.com/cloudchacho/taskhawk-go/gcp/gcp.go:239.35,242.4 1 0
github.com/cloudchacho/taskhawk-go/gcp/gcp.go:245.21,247.3 1 1
github.com/cloudchacho/taskhawk-go/gcp/gcp.go:249.16,251.3 1 0
github.com/cloudchacho/taskhawk-go/gcp/gcp.go:269.34,270.43 1 13
github.com/cloudchacho/taskhawk-go/gcp/gcp.go:273.2,273.24 1 13
github.com/cloudchacho/taskhawk-go/gcp/gcp.go:270.43,272.3 1 13
github.com/cloudchacho/taskhawk-go/gcp/gcp.go:273.24,275.57 2 2
github.com/cloudchacho/taskhawk-go/gcp/gcp.go:275.57,275.77 1 1
github.com/cloudchacho/taskhawk-go/gcp/gcp.go:281.79,285.2 3 13
